<?xml version="1.0" encoding="UTF-8"?>
<testng-results ignored="0" total="1" passed="1" failed="0" skipped="0">
  <reporter-output>
  </reporter-output>
  <suite started-at="2021-06-06T14:36:49 IST" name="Default suite" finished-at="2021-06-06T14:37:25 IST" duration-ms="35885">
    <groups>
    </groups>
    <test started-at="2021-06-06T14:36:49 IST" name="Default test" finished-at="2021-06-06T14:37:25 IST" duration-ms="35885">
      <class name="com.ty.ecommercee.scripts.AddToCart">
        <test-method is-config="true" signature="openApp()[pri:0, instance:com.ty.ecommercee.scripts.AddToCart@51e5fc98]" started-at="2021-06-06T14:36:49 IST" name="openApp" finished-at="2021-06-06T14:37:14 IST" duration-ms="25231" status="PASS">
          <reporter-output>
          </reporter-output>
        </test-method> <!-- openApp -->
        <test-method signature="addToCart()[pri:0, instance:com.ty.ecommercee.scripts.AddToCart@51e5fc98]" started-at="2021-06-06T14:37:14 IST" name="addToCart" finished-at="2021-06-06T14:37:23 IST" duration-ms="8608" status="PASS">
          <reporter-output>
          </reporter-output>
        </test-method> <!-- addToCart -->
        <test-method is-config="true" signature="closeApp(org.testng.ITestResult)[pri:0, instance:com.ty.ecommercee.scripts.AddToCart@51e5fc98]" started-at="2021-06-06T14:37:23 IST" name="closeApp" finished-at="2021-06-06T14:37:25 IST" duration-ms="1957" status="PASS">
          <params>
            <param index="0">
              <value>
                <![CDATA[[TestResult name=addToCart status=SUCCESS method=AddToCart.addToCart()[pri:0, instance:com.ty.ecommercee.scripts.AddToCart@51e5fc98] output={null}]]]>
              </value>
            </param>
          </params>
          <reporter-output>
          </reporter-output>
        </test-method> <!-- closeApp -->
      </class> <!-- com.ty.ecommercee.scripts.AddToCart -->
    </test> <!-- Default test -->
  </suite> <!-- Default suite -->
</testng-results>
